<?xml version="1.0" encoding="UTF-8"?>
<!-- Generated by org.testng.reporters.JUnitReportReporter -->
<testsuite hostname="DESKTOP-SITGL47" failures="0" tests="1" name="Cucumber.TestNgTestRunner" time="20.068" errors="0" timestamp="2023-11-10T09:40:22 IST" skipped="0">
  <testcase classname="Cucumber.TestNgTestRunner" name="runScenario" time="20.068"/>
</testsuite> <!-- Cucumber.TestNgTestRunner -->
