<?xml version="1.0" encoding="UTF-8"?>
<!-- Generated by org.testng.reporters.JUnitReportReporter -->
<testsuite hostname="DESKTOP-SITGL47" failures="0" tests="3" name="PankajShukla.Tests.SeleniumFrameworkDesign" time="26.923" errors="0" timestamp="2025-01-25T12:58:20 IST" skipped="0">
  <testcase classname="PankajShukla.Tests.SeleniumFrameworkDesign" name="orderHistoryTest" time="7.664"/>
  <testcase classname="PankajShukla.Tests.SeleniumFrameworkDesign" name="submitOrder" time="10.715"/>
  <testcase classname="PankajShukla.Tests.SeleniumFrameworkDesign" name="submitOrder" time="8.544"/>
</testsuite> <!-- PankajShukla.Tests.SeleniumFrameworkDesign -->
