<?xml version="1.0" encoding="UTF-8"?>
<!-- Generated by org.testng.reporters.JUnitReportReporter -->
<testsuite hostname="DESKTOP-SITGL47" failures="0" tests="1" name="PankajShukla.Tests.PracticeErrorValidation" time="5.215" errors="0" timestamp="2024-07-07T18:25:44 IST" skipped="0">
  <testcase classname="PankajShukla.Tests.PracticeErrorValidation" name="submitOrderError" time="5.215"/>
</testsuite> <!-- PankajShukla.Tests.PracticeErrorValidation -->
