<?xml version="1.0" encoding="UTF-8"?>
<!-- Generated by org.testng.reporters.JUnitReportReporter -->
<testsuite hostname="DESKTOP-SITGL47" failures="0" tests="2" name="PankajShukla.Tests.ErrorValidation" time="27.032" errors="0" timestamp="2025-01-25T12:58:20 IST" skipped="0">
  <testcase classname="PankajShukla.Tests.ErrorValidation" name="ProductCatalogueErrorValidation" time="20.489"/>
  <testcase classname="PankajShukla.Tests.ErrorValidation" name="loginPageErrorValidation" time="6.543"/>
</testsuite> <!-- PankajShukla.Tests.ErrorValidation -->
