<?xml version="1.0" encoding="UTF-8"?>
<!-- Generated by org.testng.reporters.JUnitReportReporter -->
<testsuite hostname="DESKTOP-SITGL47" failures="0" tests="3" name="PankajShukla.Tests.SeleniumFrameworkDesign" time="73.734" errors="0" timestamp="2025-01-26T11:49:46 IST" skipped="0">
  <testcase classname="PankajShukla.Tests.SeleniumFrameworkDesign" name="submitOrder" time="33.220"/>
  <testcase classname="PankajShukla.Tests.SeleniumFrameworkDesign" name="orderHistoryTest" time="8.596"/>
  <testcase classname="PankajShukla.Tests.SeleniumFrameworkDesign" name="submitOrder" time="31.918"/>
</testsuite> <!-- PankajShukla.Tests.SeleniumFrameworkDesign -->
