<?xml version="1.0" encoding="UTF-8"?>
<!-- Generated by org.testng.reporters.JUnitReportReporter -->
<testsuite hostname="DESKTOP-SITGL47" failures="0" tests="1" name="PankajShukla.Tests.PracticeErrorValidation" time="12.185" errors="0" timestamp="2025-01-25T12:44:53 IST" skipped="0">
  <testcase classname="PankajShukla.Tests.PracticeErrorValidation" name="submitOrderError" time="12.185"/>
</testsuite> <!-- PankajShukla.Tests.PracticeErrorValidation -->
