<?xml version="1.0" encoding="UTF-8"?>
<!-- Generated by org.testng.reporters.JUnitReportReporter -->
<testsuite hostname="DESKTOP-SITGL47" failures="0" tests="1" name="Cucumber.TestNgTestRunner" time="19.899" errors="0" timestamp="2025-01-26T12:48:41 IST" skipped="0">
  <testcase classname="Cucumber.TestNgTestRunner" name="runScenario" time="19.899"/>
</testsuite> <!-- Cucumber.TestNgTestRunner -->
